C51 COMPILER V9.60.7.0   LED                                                               06/05/2024 12:23:01 PAGE 1   


C51 COMPILER V9.60.7.0, COMPILATION OF MODULE LED
OBJECT MODULE PLACED IN ..\led.obj
COMPILER INVOKED BY: D:\Keil\C51\BIN\C51.EXE led.c OPTIMIZE(8,SPEED) BROWSE DEBUG OBJECTEXTEND TABS(2) OBJECT(..\led.obj
                    -)

line level    source

   1          #include <reg51.h>
   2          typedef unsigned char u8;
   3          typedef unsigned char u16;
   4          sbit LED1 = P1^0;
   5          sbit LED2 = P1^1;
   6          sbit LED3 = P1^2;
   7          sbit LED4 = P1^3;
   8          sbit BIT1 = P2^0;
   9          sbit BIT2 = P2^1;
  10          sbit BIT3 = P2^2;
  11          sbit BIT4 = P2^3;
  12          u8 key,mode,oldmode;
  13          void DelayMS(u16 x)
  14          {
  15   1        u8 i;
  16   1        while(x--)
  17   1        {
  18   2          for(i=120;i>0;i--);
  19   2        }
  20   1      }
  21          void led_off()
  22          {
  23   1        P1 =0xff;
  24   1      }
  25          int keyscan()
  26          {
  27   1        if(BIT1==0)//左转
  28   1        {
  29   2          key = 1;
  30   2        }
  31   1        else if(BIT2==0)//左转
  32   1        {
  33   2          key = 2;
  34   2        }
  35   1        else if(BIT3==0)//左转
  36   1        {
  37   2          key = 3;
  38   2        }
  39   1        else if(BIT4==0)//左转
  40   1        {
  41   2          key = 4;
  42   2        }
  43   1        else
  44   1          key=0;
  45   1          return key;
  46   1      }
  47          void led()
  48          {
  49   1        if(oldmode!=mode)
  50   1        {
  51   2          led_off();
  52   2          oldmode=mode;
  53   2        }
  54   1        if(mode==1)
C51 COMPILER V9.60.7.0   LED                                                               06/05/2024 12:23:01 PAGE 2   

  55   1        {
  56   2          LED1 = 0;
  57   2        }
  58   1        else if(mode == 2)
  59   1        {
  60   2          LED2 = 0;
  61   2        }
  62   1        else if(mode == 3)
  63   1        {
  64   2          LED3 = 1;
  65   2          DelayMS(500);
  66   2          LED3 = 0;
  67   2          DelayMS(500);
  68   2        }
  69   1        else if(mode == 4)
  70   1        {
  71   2          LED4 = 1;
  72   2          DelayMS(500);
  73   2          LED4 = 0;
  74   2          DelayMS(500);
  75   2        }
  76   1        if(mode==0)
  77   1        {
  78   2          led_off();
  79   2        }
  80   1      }
  81          void main()
  82          {
  83   1        while(1)
  84   1        {
  85   2          key=keyscan();
  86   2           mode=key;
  87   2          led();
  88   2        }
  89   1      }


MODULE INFORMATION:   STATIC OVERLAYABLE
   CODE SIZE        =    148    ----
   CONSTANT SIZE    =   ----    ----
   XDATA SIZE       =   ----    ----
   PDATA SIZE       =   ----    ----
   DATA SIZE        =      3    ----
   IDATA SIZE       =   ----    ----
   BIT SIZE         =   ----    ----
END OF MODULE INFORMATION.


C51 COMPILATION COMPLETE.  0 WARNING(S),  0 ERROR(S)
