Determining if the pthread_create exist failed with the following output:
Change Dir: /home/mbot/mbot_ws/build/CMakeFiles/CMakeTmp

Run Build Command:"/usr/bin/make" "cmTC_aeecc/fast"
/usr/bin/make -f CMakeFiles/cmTC_aeecc.dir/build.make CMakeFiles/cmTC_aeecc.dir/build
make[1]: Entering directory '/home/mbot/mbot_ws/build/CMakeFiles/CMakeTmp'
Building C object CMakeFiles/cmTC_aeecc.dir/CheckSymbolExists.c.o
/usr/bin/cc     -o CMakeFiles/cmTC_aeecc.dir/CheckSymbolExists.c.o   -c /home/mbot/mbot_ws/build/CMakeFiles/CMakeTmp/CheckSymbolExists.c
Linking C executable cmTC_aeecc
/usr/bin/cmake -E cmake_link_script CMakeFiles/cmTC_aeecc.dir/link.txt --verbose=1
/usr/bin/cc       CMakeFiles/cmTC_aeecc.dir/CheckSymbolExists.c.o  -o cmTC_aeecc -rdynamic 
CMakeFiles/cmTC_aeecc.dir/CheckSymbolExists.c.o: In function `main':
CheckSymbolExists.c:(.text+0xe): undefined reference to `pthread_create'
CheckSymbolExists.c:(.text+0x12): undefined reference to `pthread_create'
collect2: error: ld returned 1 exit status
CMakeFiles/cmTC_aeecc.dir/build.make:97: recipe for target 'cmTC_aeecc' failed
make[1]: *** [cmTC_aeecc] Error 1
make[1]: Leaving directory '/home/mbot/mbot_ws/build/CMakeFiles/CMakeTmp'
Makefile:126: recipe for target 'cmTC_aeecc/fast' failed
make: *** [cmTC_aeecc/fast] Error 2

File /home/mbot/mbot_ws/build/CMakeFiles/CMakeTmp/CheckSymbolExists.c:
/* */
#include <pthread.h>

int main(int argc, char** argv)
{
  (void)argv;
#ifndef pthread_create
  return ((int*)(&pthread_create))[argc];
#else
  (void)argc;
  return 0;
#endif
}

Determining if the function pthread_create exists in the pthreads failed with the following output:
Change Dir: /home/mbot/mbot_ws/build/CMakeFiles/CMakeTmp

Run Build Command:"/usr/bin/make" "cmTC_c0574/fast"
/usr/bin/make -f CMakeFiles/cmTC_c0574.dir/build.make CMakeFiles/cmTC_c0574.dir/build
make[1]: Entering directory '/home/mbot/mbot_ws/build/CMakeFiles/CMakeTmp'
Building C object CMakeFiles/cmTC_c0574.dir/CheckFunctionExists.c.o
/usr/bin/cc    -DCHECK_FUNCTION_EXISTS=pthread_create   -o CMakeFiles/cmTC_c0574.dir/CheckFunctionExists.c.o   -c /usr/share/cmake-3.5/Modules/CheckFunctionExists.c
Linking C executable cmTC_c0574
/usr/bin/cmake -E cmake_link_script CMakeFiles/cmTC_c0574.dir/link.txt --verbose=1
/usr/bin/cc   -DCHECK_FUNCTION_EXISTS=pthread_create    CMakeFiles/cmTC_c0574.dir/CheckFunctionExists.c.o  -o cmTC_c0574 -rdynamic -lpthreads 
/usr/bin/ld: cannot find -lpthreads
collect2: error: ld returned 1 exit status
CMakeFiles/cmTC_c0574.dir/build.make:97: recipe for target 'cmTC_c0574' failed
make[1]: *** [cmTC_c0574] Error 1
make[1]: Leaving directory '/home/mbot/mbot_ws/build/CMakeFiles/CMakeTmp'
Makefile:126: recipe for target 'cmTC_c0574/fast' failed
make: *** [cmTC_c0574/fast] Error 2


Determining if the include file FL/Fl.H exists failed with the following output:
Change Dir: /home/mbot/mbot_ws/build/CMakeFiles/CMakeTmp

Run Build Command:"/usr/bin/make" "cmTC_1d9dd/fast"
/usr/bin/make -f CMakeFiles/cmTC_1d9dd.dir/build.make CMakeFiles/cmTC_1d9dd.dir/build
make[1]: Entering directory '/home/mbot/mbot_ws/build/CMakeFiles/CMakeTmp'
Building CXX object CMakeFiles/cmTC_1d9dd.dir/CheckIncludeFile.cxx.o
/usr/bin/c++      -o CMakeFiles/cmTC_1d9dd.dir/CheckIncludeFile.cxx.o -c /home/mbot/mbot_ws/build/CMakeFiles/CMakeTmp/CheckIncludeFile.cxx
/home/mbot/mbot_ws/build/CMakeFiles/CMakeTmp/CheckIncludeFile.cxx:1:19: fatal error: FL/Fl.H: No such file or directory
compilation terminated.
CMakeFiles/cmTC_1d9dd.dir/build.make:65: recipe for target 'CMakeFiles/cmTC_1d9dd.dir/CheckIncludeFile.cxx.o' failed
make[1]: *** [CMakeFiles/cmTC_1d9dd.dir/CheckIncludeFile.cxx.o] Error 1
make[1]: Leaving directory '/home/mbot/mbot_ws/build/CMakeFiles/CMakeTmp'
Makefile:126: recipe for target 'cmTC_1d9dd/fast' failed
make: *** [cmTC_1d9dd/fast] Error 2


Determining if the include file pgm.h exists failed with the following output:
Change Dir: /home/mbot/mbot_ws/build/CMakeFiles/CMakeTmp

Run Build Command:"/usr/bin/make" "cmTC_5a2b8/fast"
/usr/bin/make -f CMakeFiles/cmTC_5a2b8.dir/build.make CMakeFiles/cmTC_5a2b8.dir/build
make[1]: Entering directory '/home/mbot/mbot_ws/build/CMakeFiles/CMakeTmp'
Building CXX object CMakeFiles/cmTC_5a2b8.dir/CheckIncludeFile.cxx.o
/usr/bin/c++      -o CMakeFiles/cmTC_5a2b8.dir/CheckIncludeFile.cxx.o -c /home/mbot/mbot_ws/build/CMakeFiles/CMakeTmp/CheckIncludeFile.cxx
/home/mbot/mbot_ws/build/CMakeFiles/CMakeTmp/CheckIncludeFile.cxx:1:17: fatal error: pgm.h: No such file or directory
compilation terminated.
CMakeFiles/cmTC_5a2b8.dir/build.make:65: recipe for target 'CMakeFiles/cmTC_5a2b8.dir/CheckIncludeFile.cxx.o' failed
make[1]: *** [CMakeFiles/cmTC_5a2b8.dir/CheckIncludeFile.cxx.o] Error 1
make[1]: Leaving directory '/home/mbot/mbot_ws/build/CMakeFiles/CMakeTmp'
Makefile:126: recipe for target 'cmTC_5a2b8/fast' failed
make: *** [cmTC_5a2b8/fast] Error 2


